This file contains any messages produced by compilers while
running configure, to aid debugging if configure makes a mistake.

It was created by ccminer configure 2014.06.15, which was
generated by GNU Autoconf 2.69.  Invocation command line was

  $ ./configure --no-create --no-recursion

## --------- ##
## Platform. ##
## --------- ##

hostname = Stevens-MacBook-Pro.local
uname -m = x86_64
uname -r = 13.4.0
uname -s = Darwin
uname -v = Darwin Kernel Version 13.4.0: Wed Mar 18 16:20:14 PDT 2015; root:xnu-2422.115.14~1/RELEASE_X86_64

/usr/bin/uname -p = i386
/bin/uname -X     = unknown

/bin/arch              = unknown
/usr/bin/arch -k       = unknown
/usr/convex/getsysinfo = unknown
/usr/bin/hostinfo      = Mach kernel version:
	 Darwin Kernel Version 13.4.0: Wed Mar 18 16:20:14 PDT 2015; root:xnu-2422.115.14~1/RELEASE_X86_64
Kernel configured for up to 4 processors.
2 processors are physically available.
4 processors are logically available.
Processor type: i486 (Intel 80486)
Processors active: 0 1 2 3
Primary memory available: 8.00 gigabytes
Default processor set: 147 tasks, 709 threads, 4 processors
Load average: 4.26, Mach factor: 1.09
/bin/machine           = unknown
/usr/bin/oslevel       = unknown
/bin/universe          = unknown

PATH: /opt/boxen/rbenv/shims
PATH: /usr/local/sbin
PATH: /Users/terminator/.bin
PATH: /opt/boxen/rbenv/bin
PATH: /opt/boxen/rbenv/plugins/ruby-build/bin
PATH: /Users/terminator/.pyenv/shims
PATH: /Users/terminator/.chefdk/gem/ruby/2.1.0/bin
PATH: /opt/chefdk/bin
PATH: /Users/terminator/Library/Android/sdk/tools
PATH: /Users/terminator/Library/Android/sdk/platform-tools
PATH: /Users/terminator/.bin
PATH: /Library/Frameworks/Python.framework/Versions/3.5/bin
PATH: /usr/local/rvm/gems/ruby-2.2.1/bin
PATH: /usr/local/rvm/gems/ruby-2.2.1@global/bin
PATH: /usr/local/rvm/rubies/ruby-2.2.1/bin
PATH: /usr/local/bin
PATH: /usr/bin
PATH: /bin
PATH: /usr/sbin
PATH: /sbin
PATH: /opt/X11/bin
PATH: /usr/local/git/bin
PATH: /usr/local/MacGPG2/bin
PATH: /Library/TeX/texbin
PATH: /usr/local/rvm/bin
PATH: /usr/local/lib/node_modules


## ----------- ##
## Core tests. ##
## ----------- ##

configure:2380: checking build system type
configure:2394: result: i386-apple-darwin13.4.0
configure:2414: checking host system type
configure:2427: result: i386-apple-darwin13.4.0
configure:2447: checking target system type
configure:2460: result: i386-apple-darwin13.4.0
configure:2504: checking for a BSD-compatible install
configure:2572: result: /usr/local/bin/ginstall -c
configure:2583: checking whether build environment is sane
configure:2638: result: yes
configure:2676: WARNING: 'missing' script is too old or missing
configure:2789: checking for a thread-safe mkdir -p
configure:2828: result: /usr/local/bin/gmkdir -p
configure:2835: checking for gawk
configure:2851: found /usr/local/bin/gawk
configure:2862: result: gawk
configure:2873: checking whether make sets $(MAKE)
configure:2895: result: yes
configure:2924: checking whether make supports nested variables
configure:2941: result: yes
configure:3071: checking whether to enable maintainer-specific portions of Makefiles
configure:3080: result: no
configure:3106: checking for style of include used by make
configure:3134: result: GNU
configure:3205: checking for gcc
configure:3221: found /usr/bin/gcc
configure:3232: result: gcc
configure:3461: checking for C compiler version
configure:3470: gcc --version >&5
Apple LLVM version 6.0 (clang-600.0.57) (based on LLVM 3.5svn)
Target: x86_64-apple-darwin13.4.0
Thread model: posix
Configured with: --prefix=/Applications/Xcode.app/Contents/Developer/usr --with-gxx-include-dir=/usr/include/c++/4.2.1
configure:3481: $? = 0
configure:3470: gcc -v >&5
Configured with: --prefix=/Applications/Xcode.app/Contents/Developer/usr --with-gxx-include-dir=/usr/include/c++/4.2.1
Apple LLVM version 6.0 (clang-600.0.57) (based on LLVM 3.5svn)
Target: x86_64-apple-darwin13.4.0
Thread model: posix
configure:3481: $? = 0
configure:3470: gcc -V >&5
clang: error: argument to '-V' is missing (expected 1 value)
clang: error: no input files
configure:3481: $? = 1
configure:3470: gcc -qversion >&5
clang: error: unknown argument: '-qversion'
clang: error: no input files
configure:3481: $? = 1
configure:3501: checking whether the C compiler works
configure:3523: gcc    conftest.c  >&5
configure:3527: $? = 0
configure:3575: result: yes
configure:3578: checking for C compiler default output file name
configure:3580: result: a.out
configure:3586: checking for suffix of executables
configure:3593: gcc -o conftest    conftest.c  >&5
configure:3597: $? = 0
configure:3619: result: 
configure:3641: checking whether we are cross compiling
configure:3649: gcc -o conftest    conftest.c  >&5
configure:3653: $? = 0
configure:3660: ./conftest
configure:3664: $? = 0
configure:3679: result: no
configure:3684: checking for suffix of object files
configure:3706: gcc -c   conftest.c >&5
configure:3710: $? = 0
configure:3731: result: o
configure:3735: checking whether we are using the GNU C compiler
configure:3754: gcc -c   conftest.c >&5
configure:3754: $? = 0
configure:3763: result: yes
configure:3772: checking whether gcc accepts -g
configure:3792: gcc -c -g  conftest.c >&5
configure:3792: $? = 0
configure:3833: result: yes
configure:3850: checking for gcc option to accept ISO C89
configure:3913: gcc  -c -g -O2  conftest.c >&5
configure:3913: $? = 0
configure:3926: result: none needed
configure:3951: checking whether gcc understands -c and -o together
configure:3973: gcc -c conftest.c -o conftest2.o
configure:3976: $? = 0
configure:3973: gcc -c conftest.c -o conftest2.o
configure:3976: $? = 0
configure:3988: result: yes
configure:4007: checking dependency style of gcc
configure:4118: result: gcc3
configure:4133: checking for gcc option to accept ISO C99
configure:4282: gcc  -c -g -O2  conftest.c >&5
configure:4282: $? = 0
configure:4295: result: none needed
configure:4316: checking how to run the C preprocessor
configure:4347: gcc -E  conftest.c
configure:4347: $? = 0
configure:4361: gcc -E  conftest.c
conftest.c:11:10: fatal error: 'ac_nonexistent.h' file not found
#include <ac_nonexistent.h>
         ^
1 error generated.
configure:4361: $? = 1
configure: failed program was:
| /* confdefs.h */
| #define PACKAGE_NAME "ccminer"
| #define PACKAGE_TARNAME "ccminer"
| #define PACKAGE_VERSION "2014.06.15"
| #define PACKAGE_STRING "ccminer 2014.06.15"
| #define PACKAGE_BUGREPORT ""
| #define PACKAGE_URL ""
| #define PACKAGE "ccminer"
| #define VERSION "2014.06.15"
| /* end confdefs.h.  */
| #include <ac_nonexistent.h>
configure:4386: result: gcc -E
configure:4406: gcc -E  conftest.c
configure:4406: $? = 0
configure:4420: gcc -E  conftest.c
conftest.c:11:10: fatal error: 'ac_nonexistent.h' file not found
#include <ac_nonexistent.h>
         ^
1 error generated.
configure:4420: $? = 1
configure: failed program was:
| /* confdefs.h */
| #define PACKAGE_NAME "ccminer"
| #define PACKAGE_TARNAME "ccminer"
| #define PACKAGE_VERSION "2014.06.15"
| #define PACKAGE_STRING "ccminer 2014.06.15"
| #define PACKAGE_BUGREPORT ""
| #define PACKAGE_URL ""
| #define PACKAGE "ccminer"
| #define VERSION "2014.06.15"
| /* end confdefs.h.  */
| #include <ac_nonexistent.h>
configure:4449: checking for grep that handles long lines and -e
configure:4507: result: /usr/local/bin/ggrep
configure:4512: checking for egrep
configure:4574: result: /usr/local/bin/ggrep -E
configure:4580: checking whether gcc needs -traditional
conftest.c:11:10: fatal error: 'termio.h' file not found
#include <termio.h>
         ^
1 error generated.
configure:4614: result: no
configure:4631: checking dependency style of gcc
configure:4740: result: gcc3
configure:4798: checking for ranlib
configure:4814: found /usr/bin/ranlib
configure:4825: result: ranlib
configure:4905: checking for g++
configure:4921: found /usr/bin/g++
configure:4932: result: g++
configure:4959: checking for C++ compiler version
configure:4968: g++ --version >&5
Apple LLVM version 6.0 (clang-600.0.57) (based on LLVM 3.5svn)
Target: x86_64-apple-darwin13.4.0
Thread model: posix
Configured with: --prefix=/Applications/Xcode.app/Contents/Developer/usr --with-gxx-include-dir=/usr/include/c++/4.2.1
configure:4979: $? = 0
configure:4968: g++ -v >&5
Configured with: --prefix=/Applications/Xcode.app/Contents/Developer/usr --with-gxx-include-dir=/usr/include/c++/4.2.1
Apple LLVM version 6.0 (clang-600.0.57) (based on LLVM 3.5svn)
Target: x86_64-apple-darwin13.4.0
Thread model: posix
configure:4979: $? = 0
configure:4968: g++ -V >&5
clang: error: argument to '-V' is missing (expected 1 value)
clang: error: no input files
configure:4979: $? = 1
configure:4968: g++ -qversion >&5
clang: error: unknown argument: '-qversion'
clang: error: no input files
configure:4979: $? = 1
configure:4983: checking whether we are using the GNU C++ compiler
configure:5002: g++ -c   conftest.cpp >&5
configure:5002: $? = 0
configure:5011: result: yes
configure:5020: checking whether g++ accepts -g
configure:5040: g++ -c -g  conftest.cpp >&5
configure:5040: $? = 0
configure:5081: result: yes
configure:5106: checking dependency style of g++
configure:5217: result: gcc3
configure:5240: checking for gcc option to support OpenMP
configure:5255: gcc -o conftest -g -O2   conftest.c  >&5
conftest.c:13:2: error: unknown type name 'choke'
 choke me
 ^
conftest.c:15:10: fatal error: 'omp.h' file not found
#include <omp.h>
         ^
2 errors generated.
configure:5255: $? = 1
configure: failed program was:
| /* confdefs.h */
| #define PACKAGE_NAME "ccminer"
| #define PACKAGE_TARNAME "ccminer"
| #define PACKAGE_VERSION "2014.06.15"
| #define PACKAGE_STRING "ccminer 2014.06.15"
| #define PACKAGE_BUGREPORT ""
| #define PACKAGE_URL ""
| #define PACKAGE "ccminer"
| #define VERSION "2014.06.15"
| /* end confdefs.h.  */
| 
| #ifndef _OPENMP
|  choke me
| #endif
| #include <omp.h>
| int main () { return omp_get_num_threads (); }
| 
configure:5273: gcc -o conftest -g -O2 -fopenmp   conftest.c  >&5
conftest.c:13:2: error: unknown type name 'choke'
 choke me
 ^
conftest.c:15:10: fatal error: 'omp.h' file not found
#include <omp.h>
         ^
2 errors generated.
configure:5273: $? = 1
configure: failed program was:
| /* confdefs.h */
| #define PACKAGE_NAME "ccminer"
| #define PACKAGE_TARNAME "ccminer"
| #define PACKAGE_VERSION "2014.06.15"
| #define PACKAGE_STRING "ccminer 2014.06.15"
| #define PACKAGE_BUGREPORT ""
| #define PACKAGE_URL ""
| #define PACKAGE "ccminer"
| #define VERSION "2014.06.15"
| /* end confdefs.h.  */
| 
| #ifndef _OPENMP
|  choke me
| #endif
| #include <omp.h>
| int main () { return omp_get_num_threads (); }
| 
configure:5273: gcc -o conftest -g -O2 -xopenmp   conftest.c  >&5
clang: error: language not recognized: 'openmp'
configure:5273: $? = 1
configure: failed program was:
| /* confdefs.h */
| #define PACKAGE_NAME "ccminer"
| #define PACKAGE_TARNAME "ccminer"
| #define PACKAGE_VERSION "2014.06.15"
| #define PACKAGE_STRING "ccminer 2014.06.15"
| #define PACKAGE_BUGREPORT ""
| #define PACKAGE_URL ""
| #define PACKAGE "ccminer"
| #define VERSION "2014.06.15"
| /* end confdefs.h.  */
| 
| #ifndef _OPENMP
|  choke me
| #endif
| #include <omp.h>
| int main () { return omp_get_num_threads (); }
| 
configure:5273: gcc -o conftest -g -O2 -openmp   conftest.c  >&5
conftest.c:13:2: error: unknown type name 'choke'
 choke me
 ^
conftest.c:15:10: fatal error: 'omp.h' file not found
#include <omp.h>
         ^
2 errors generated.
configure:5273: $? = 1
configure: failed program was:
| /* confdefs.h */
| #define PACKAGE_NAME "ccminer"
| #define PACKAGE_TARNAME "ccminer"
| #define PACKAGE_VERSION "2014.06.15"
| #define PACKAGE_STRING "ccminer 2014.06.15"
| #define PACKAGE_BUGREPORT ""
| #define PACKAGE_URL ""
| #define PACKAGE "ccminer"
| #define VERSION "2014.06.15"
| /* end confdefs.h.  */
| 
| #ifndef _OPENMP
|  choke me
| #endif
| #include <omp.h>
| int main () { return omp_get_num_threads (); }
| 
configure:5273: gcc -o conftest -g -O2 -mp   conftest.c  >&5
clang: error: unknown argument: '-mp'
configure:5273: $? = 1
configure: failed program was:
| /* confdefs.h */
| #define PACKAGE_NAME "ccminer"
| #define PACKAGE_TARNAME "ccminer"
| #define PACKAGE_VERSION "2014.06.15"
| #define PACKAGE_STRING "ccminer 2014.06.15"
| #define PACKAGE_BUGREPORT ""
| #define PACKAGE_URL ""
| #define PACKAGE "ccminer"
| #define VERSION "2014.06.15"
| /* end confdefs.h.  */
| 
| #ifndef _OPENMP
|  choke me
| #endif
| #include <omp.h>
| int main () { return omp_get_num_threads (); }
| 
configure:5273: gcc -o conftest -g -O2 -omp   conftest.c  >&5
conftest.c:13:2: error: unknown type name 'choke'
 choke me
 ^
conftest.c:15:10: fatal error: 'omp.h' file not found
#include <omp.h>
         ^
2 errors generated.
configure:5273: $? = 1
configure: failed program was:
| /* confdefs.h */
| #define PACKAGE_NAME "ccminer"
| #define PACKAGE_TARNAME "ccminer"
| #define PACKAGE_VERSION "2014.06.15"
| #define PACKAGE_STRING "ccminer 2014.06.15"
| #define PACKAGE_BUGREPORT ""
| #define PACKAGE_URL ""
| #define PACKAGE "ccminer"
| #define VERSION "2014.06.15"
| /* end confdefs.h.  */
| 
| #ifndef _OPENMP
|  choke me
| #endif
| #include <omp.h>
| int main () { return omp_get_num_threads (); }
| 
configure:5273: gcc -o conftest -g -O2 -qsmp=omp   conftest.c  >&5
clang: error: unknown argument: '-qsmp=omp'
configure:5273: $? = 1
configure: failed program was:
| /* confdefs.h */
| #define PACKAGE_NAME "ccminer"
| #define PACKAGE_TARNAME "ccminer"
| #define PACKAGE_VERSION "2014.06.15"
| #define PACKAGE_STRING "ccminer 2014.06.15"
| #define PACKAGE_BUGREPORT ""
| #define PACKAGE_URL ""
| #define PACKAGE "ccminer"
| #define VERSION "2014.06.15"
| /* end confdefs.h.  */
| 
| #ifndef _OPENMP
|  choke me
| #endif
| #include <omp.h>
| int main () { return omp_get_num_threads (); }
| 
configure:5273: gcc -o conftest -g -O2 -homp   conftest.c  >&5
clang: error: unknown argument: '-homp'
configure:5273: $? = 1
configure: failed program was:
| /* confdefs.h */
| #define PACKAGE_NAME "ccminer"
| #define PACKAGE_TARNAME "ccminer"
| #define PACKAGE_VERSION "2014.06.15"
| #define PACKAGE_STRING "ccminer 2014.06.15"
| #define PACKAGE_BUGREPORT ""
| #define PACKAGE_URL ""
| #define PACKAGE "ccminer"
| #define VERSION "2014.06.15"
| /* end confdefs.h.  */
| 
| #ifndef _OPENMP
|  choke me
| #endif
| #include <omp.h>
| int main () { return omp_get_num_threads (); }
| 
configure:5273: gcc -o conftest -g -O2 -Popenmp   conftest.c  >&5
clang: error: unknown argument: '-Popenmp'
configure:5273: $? = 1
configure: failed program was:
| /* confdefs.h */
| #define PACKAGE_NAME "ccminer"
| #define PACKAGE_TARNAME "ccminer"
| #define PACKAGE_VERSION "2014.06.15"
| #define PACKAGE_STRING "ccminer 2014.06.15"
| #define PACKAGE_BUGREPORT ""
| #define PACKAGE_URL ""
| #define PACKAGE "ccminer"
| #define VERSION "2014.06.15"
| /* end confdefs.h.  */
| 
| #ifndef _OPENMP
|  choke me
| #endif
| #include <omp.h>
| int main () { return omp_get_num_threads (); }
| 
configure:5273: gcc -o conftest -g -O2 --openmp   conftest.c  >&5
clang: error: unsupported option '--openmp'
configure:5273: $? = 1
configure: failed program was:
| /* confdefs.h */
| #define PACKAGE_NAME "ccminer"
| #define PACKAGE_TARNAME "ccminer"
| #define PACKAGE_VERSION "2014.06.15"
| #define PACKAGE_STRING "ccminer 2014.06.15"
| #define PACKAGE_BUGREPORT ""
| #define PACKAGE_URL ""
| #define PACKAGE "ccminer"
| #define VERSION "2014.06.15"
| /* end confdefs.h.  */
| 
| #ifndef _OPENMP
|  choke me
| #endif
| #include <omp.h>
| int main () { return omp_get_num_threads (); }
| 
configure:5287: result: unsupported
configure:5299: checking for ANSI C header files
configure:5319: gcc -c -g -O2  conftest.c >&5
configure:5319: $? = 0
configure:5392: gcc -o conftest -g -O2   conftest.c  >&5
configure:5392: $? = 0
configure:5392: ./conftest
configure:5392: $? = 0
configure:5403: result: yes
configure:5416: checking for sys/types.h
configure:5416: gcc -c -g -O2  conftest.c >&5
configure:5416: $? = 0
configure:5416: result: yes
configure:5416: checking for sys/stat.h
configure:5416: gcc -c -g -O2  conftest.c >&5
configure:5416: $? = 0
configure:5416: result: yes
configure:5416: checking for stdlib.h
configure:5416: gcc -c -g -O2  conftest.c >&5
configure:5416: $? = 0
configure:5416: result: yes
configure:5416: checking for string.h
configure:5416: gcc -c -g -O2  conftest.c >&5
configure:5416: $? = 0
configure:5416: result: yes
configure:5416: checking for memory.h
configure:5416: gcc -c -g -O2  conftest.c >&5
configure:5416: $? = 0
configure:5416: result: yes
configure:5416: checking for strings.h
configure:5416: gcc -c -g -O2  conftest.c >&5
configure:5416: $? = 0
configure:5416: result: yes
configure:5416: checking for inttypes.h
configure:5416: gcc -c -g -O2  conftest.c >&5
configure:5416: $? = 0
configure:5416: result: yes
configure:5416: checking for stdint.h
configure:5416: gcc -c -g -O2  conftest.c >&5
configure:5416: $? = 0
configure:5416: result: yes
configure:5416: checking for unistd.h
configure:5416: gcc -c -g -O2  conftest.c >&5
configure:5416: $? = 0
configure:5416: result: yes
configure:5431: checking sys/endian.h usability
configure:5431: gcc -c -g -O2  conftest.c >&5
conftest.c:54:10: fatal error: 'sys/endian.h' file not found
#include <sys/endian.h>
         ^
1 error generated.
configure:5431: $? = 1
configure: failed program was:
| /* confdefs.h */
| #define PACKAGE_NAME "ccminer"
| #define PACKAGE_TARNAME "ccminer"
| #define PACKAGE_VERSION "2014.06.15"
| #define PACKAGE_STRING "ccminer 2014.06.15"
| #define PACKAGE_BUGREPORT ""
| #define PACKAGE_URL ""
| #define PACKAGE "ccminer"
| #define VERSION "2014.06.15"
| #define STDC_HEADERS 1
| #define HAVE_SYS_TYPES_H 1
| #define HAVE_SYS_STAT_H 1
| #define HAVE_STDLIB_H 1
| #define HAVE_STRING_H 1
| #define HAVE_MEMORY_H 1
| #define HAVE_STRINGS_H 1
| #define HAVE_INTTYPES_H 1
| #define HAVE_STDINT_H 1
| #define HAVE_UNISTD_H 1
| /* end confdefs.h.  */
| #include <stdio.h>
| #ifdef HAVE_SYS_TYPES_H
| # include <sys/types.h>
| #endif
| #ifdef HAVE_SYS_STAT_H
| # include <sys/stat.h>
| #endif
| #ifdef STDC_HEADERS
| # include <stdlib.h>
| # include <stddef.h>
| #else
| # ifdef HAVE_STDLIB_H
| #  include <stdlib.h>
| # endif
| #endif
| #ifdef HAVE_STRING_H
| # if !defined STDC_HEADERS && defined HAVE_MEMORY_H
| #  include <memory.h>
| # endif
| # include <string.h>
| #endif
| #ifdef HAVE_STRINGS_H
| # include <strings.h>
| #endif
| #ifdef HAVE_INTTYPES_H
| # include <inttypes.h>
| #endif
| #ifdef HAVE_STDINT_H
| # include <stdint.h>
| #endif
| #ifdef HAVE_UNISTD_H
| # include <unistd.h>
| #endif
| #include <sys/endian.h>
configure:5431: result: no
configure:5431: checking sys/endian.h presence
configure:5431: gcc -E  conftest.c
conftest.c:21:10: fatal error: 'sys/endian.h' file not found
#include <sys/endian.h>
         ^
1 error generated.
configure:5431: $? = 1
configure: failed program was:
| /* confdefs.h */
| #define PACKAGE_NAME "ccminer"
| #define PACKAGE_TARNAME "ccminer"
| #define PACKAGE_VERSION "2014.06.15"
| #define PACKAGE_STRING "ccminer 2014.06.15"
| #define PACKAGE_BUGREPORT ""
| #define PACKAGE_URL ""
| #define PACKAGE "ccminer"
| #define VERSION "2014.06.15"
| #define STDC_HEADERS 1
| #define HAVE_SYS_TYPES_H 1
| #define HAVE_SYS_STAT_H 1
| #define HAVE_STDLIB_H 1
| #define HAVE_STRING_H 1
| #define HAVE_MEMORY_H 1
| #define HAVE_STRINGS_H 1
| #define HAVE_INTTYPES_H 1
| #define HAVE_STDINT_H 1
| #define HAVE_UNISTD_H 1
| /* end confdefs.h.  */
| #include <sys/endian.h>
configure:5431: result: no
configure:5431: checking for sys/endian.h
configure:5431: result: no
configure:5431: checking sys/param.h usability
configure:5431: gcc -c -g -O2  conftest.c >&5
configure:5431: $? = 0
configure:5431: result: yes
configure:5431: checking sys/param.h presence
configure:5431: gcc -E  conftest.c
configure:5431: $? = 0
configure:5431: result: yes
configure:5431: checking for sys/param.h
configure:5431: result: yes
configure:5431: checking syslog.h usability
configure:5431: gcc -c -g -O2  conftest.c >&5
configure:5431: $? = 0
configure:5431: result: yes
configure:5431: checking syslog.h presence
configure:5431: gcc -E  conftest.c
configure:5431: $? = 0
configure:5431: result: yes
configure:5431: checking for syslog.h
configure:5431: result: yes
configure:5445: checking for sys/sysctl.h
configure:5445: gcc -c -g -O2  conftest.c >&5
configure:5445: $? = 0
configure:5445: result: yes
configure:5461: checking whether be32dec is declared
configure:5461: gcc -c -g -O2  conftest.c >&5
conftest.c:69:10: error: use of undeclared identifier 'be32dec'
  (void) be32dec;
         ^
1 error generated.
configure:5461: $? = 1
configure: failed program was:
| /* confdefs.h */
| #define PACKAGE_NAME "ccminer"
| #define PACKAGE_TARNAME "ccminer"
| #define PACKAGE_VERSION "2014.06.15"
| #define PACKAGE_STRING "ccminer 2014.06.15"
| #define PACKAGE_BUGREPORT ""
| #define PACKAGE_URL ""
| #define PACKAGE "ccminer"
| #define VERSION "2014.06.15"
| #define STDC_HEADERS 1
| #define HAVE_SYS_TYPES_H 1
| #define HAVE_SYS_STAT_H 1
| #define HAVE_STDLIB_H 1
| #define HAVE_STRING_H 1
| #define HAVE_MEMORY_H 1
| #define HAVE_STRINGS_H 1
| #define HAVE_INTTYPES_H 1
| #define HAVE_STDINT_H 1
| #define HAVE_UNISTD_H 1
| #define HAVE_SYS_PARAM_H 1
| #define HAVE_SYSLOG_H 1
| #define HAVE_SYS_SYSCTL_H 1
| /* end confdefs.h.  */
| #include <stdio.h>
| #ifdef HAVE_SYS_TYPES_H
| # include <sys/types.h>
| #endif
| #ifdef HAVE_SYS_STAT_H
| # include <sys/stat.h>
| #endif
| #ifdef STDC_HEADERS
| # include <stdlib.h>
| # include <stddef.h>
| #else
| # ifdef HAVE_STDLIB_H
| #  include <stdlib.h>
| # endif
| #endif
| #ifdef HAVE_STRING_H
| # if !defined STDC_HEADERS && defined HAVE_MEMORY_H
| #  include <memory.h>
| # endif
| # include <string.h>
| #endif
| #ifdef HAVE_STRINGS_H
| # include <strings.h>
| #endif
| #ifdef HAVE_INTTYPES_H
| # include <inttypes.h>
| #endif
| #ifdef HAVE_STDINT_H
| # include <stdint.h>
| #endif
| #ifdef HAVE_UNISTD_H
| # include <unistd.h>
| #endif
| #ifdef HAVE_SYS_ENDIAN_H
| #include <sys/endian.h>
| #endif
| 
| 
| int
| main ()
| {
| #ifndef be32dec
| #ifdef __cplusplus
|   (void) be32dec;
| #else
|   (void) be32dec;
| #endif
| #endif
| 
|   ;
|   return 0;
| }
configure:5461: result: no
configure:5476: checking whether le32dec is declared
configure:5476: gcc -c -g -O2  conftest.c >&5
conftest.c:70:10: error: use of undeclared identifier 'le32dec'
  (void) le32dec;
         ^
1 error generated.
configure:5476: $? = 1
configure: failed program was:
| /* confdefs.h */
| #define PACKAGE_NAME "ccminer"
| #define PACKAGE_TARNAME "ccminer"
| #define PACKAGE_VERSION "2014.06.15"
| #define PACKAGE_STRING "ccminer 2014.06.15"
| #define PACKAGE_BUGREPORT ""
| #define PACKAGE_URL ""
| #define PACKAGE "ccminer"
| #define VERSION "2014.06.15"
| #define STDC_HEADERS 1
| #define HAVE_SYS_TYPES_H 1
| #define HAVE_SYS_STAT_H 1
| #define HAVE_STDLIB_H 1
| #define HAVE_STRING_H 1
| #define HAVE_MEMORY_H 1
| #define HAVE_STRINGS_H 1
| #define HAVE_INTTYPES_H 1
| #define HAVE_STDINT_H 1
| #define HAVE_UNISTD_H 1
| #define HAVE_SYS_PARAM_H 1
| #define HAVE_SYSLOG_H 1
| #define HAVE_SYS_SYSCTL_H 1
| #define HAVE_DECL_BE32DEC 0
| /* end confdefs.h.  */
| #include <stdio.h>
| #ifdef HAVE_SYS_TYPES_H
| # include <sys/types.h>
| #endif
| #ifdef HAVE_SYS_STAT_H
| # include <sys/stat.h>
| #endif
| #ifdef STDC_HEADERS
| # include <stdlib.h>
| # include <stddef.h>
| #else
| # ifdef HAVE_STDLIB_H
| #  include <stdlib.h>
| # endif
| #endif
| #ifdef HAVE_STRING_H
| # if !defined STDC_HEADERS && defined HAVE_MEMORY_H
| #  include <memory.h>
| # endif
| # include <string.h>
| #endif
| #ifdef HAVE_STRINGS_H
| # include <strings.h>
| #endif
| #ifdef HAVE_INTTYPES_H
| # include <inttypes.h>
| #endif
| #ifdef HAVE_STDINT_H
| # include <stdint.h>
| #endif
| #ifdef HAVE_UNISTD_H
| # include <unistd.h>
| #endif
| #ifdef HAVE_SYS_ENDIAN_H
| #include <sys/endian.h>
| #endif
| 
| 
| int
| main ()
| {
| #ifndef le32dec
| #ifdef __cplusplus
|   (void) le32dec;
| #else
|   (void) le32dec;
| #endif
| #endif
| 
|   ;
|   return 0;
| }
configure:5476: result: no
configure:5491: checking whether be32enc is declared
configure:5491: gcc -c -g -O2  conftest.c >&5
conftest.c:71:10: error: use of undeclared identifier 'be32enc'
  (void) be32enc;
         ^
1 error generated.
configure:5491: $? = 1
configure: failed program was:
| /* confdefs.h */
| #define PACKAGE_NAME "ccminer"
| #define PACKAGE_TARNAME "ccminer"
| #define PACKAGE_VERSION "2014.06.15"
| #define PACKAGE_STRING "ccminer 2014.06.15"
| #define PACKAGE_BUGREPORT ""
| #define PACKAGE_URL ""
| #define PACKAGE "ccminer"
| #define VERSION "2014.06.15"
| #define STDC_HEADERS 1
| #define HAVE_SYS_TYPES_H 1
| #define HAVE_SYS_STAT_H 1
| #define HAVE_STDLIB_H 1
| #define HAVE_STRING_H 1
| #define HAVE_MEMORY_H 1
| #define HAVE_STRINGS_H 1
| #define HAVE_INTTYPES_H 1
| #define HAVE_STDINT_H 1
| #define HAVE_UNISTD_H 1
| #define HAVE_SYS_PARAM_H 1
| #define HAVE_SYSLOG_H 1
| #define HAVE_SYS_SYSCTL_H 1
| #define HAVE_DECL_BE32DEC 0
| #define HAVE_DECL_LE32DEC 0
| /* end confdefs.h.  */
| #include <stdio.h>
| #ifdef HAVE_SYS_TYPES_H
| # include <sys/types.h>
| #endif
| #ifdef HAVE_SYS_STAT_H
| # include <sys/stat.h>
| #endif
| #ifdef STDC_HEADERS
| # include <stdlib.h>
| # include <stddef.h>
| #else
| # ifdef HAVE_STDLIB_H
| #  include <stdlib.h>
| # endif
| #endif
| #ifdef HAVE_STRING_H
| # if !defined STDC_HEADERS && defined HAVE_MEMORY_H
| #  include <memory.h>
| # endif
| # include <string.h>
| #endif
| #ifdef HAVE_STRINGS_H
| # include <strings.h>
| #endif
| #ifdef HAVE_INTTYPES_H
| # include <inttypes.h>
| #endif
| #ifdef HAVE_STDINT_H
| # include <stdint.h>
| #endif
| #ifdef HAVE_UNISTD_H
| # include <unistd.h>
| #endif
| #ifdef HAVE_SYS_ENDIAN_H
| #include <sys/endian.h>
| #endif
| 
| 
| int
| main ()
| {
| #ifndef be32enc
| #ifdef __cplusplus
|   (void) be32enc;
| #else
|   (void) be32enc;
| #endif
| #endif
| 
|   ;
|   return 0;
| }
configure:5491: result: no
configure:5506: checking whether le32enc is declared
configure:5506: gcc -c -g -O2  conftest.c >&5
conftest.c:72:10: error: use of undeclared identifier 'le32enc'
  (void) le32enc;
         ^
1 error generated.
configure:5506: $? = 1
configure: failed program was:
| /* confdefs.h */
| #define PACKAGE_NAME "ccminer"
| #define PACKAGE_TARNAME "ccminer"
| #define PACKAGE_VERSION "2014.06.15"
| #define PACKAGE_STRING "ccminer 2014.06.15"
| #define PACKAGE_BUGREPORT ""
| #define PACKAGE_URL ""
| #define PACKAGE "ccminer"
| #define VERSION "2014.06.15"
| #define STDC_HEADERS 1
| #define HAVE_SYS_TYPES_H 1
| #define HAVE_SYS_STAT_H 1
| #define HAVE_STDLIB_H 1
| #define HAVE_STRING_H 1
| #define HAVE_MEMORY_H 1
| #define HAVE_STRINGS_H 1
| #define HAVE_INTTYPES_H 1
| #define HAVE_STDINT_H 1
| #define HAVE_UNISTD_H 1
| #define HAVE_SYS_PARAM_H 1
| #define HAVE_SYSLOG_H 1
| #define HAVE_SYS_SYSCTL_H 1
| #define HAVE_DECL_BE32DEC 0
| #define HAVE_DECL_LE32DEC 0
| #define HAVE_DECL_BE32ENC 0
| /* end confdefs.h.  */
| #include <stdio.h>
| #ifdef HAVE_SYS_TYPES_H
| # include <sys/types.h>
| #endif
| #ifdef HAVE_SYS_STAT_H
| # include <sys/stat.h>
| #endif
| #ifdef STDC_HEADERS
| # include <stdlib.h>
| # include <stddef.h>
| #else
| # ifdef HAVE_STDLIB_H
| #  include <stdlib.h>
| # endif
| #endif
| #ifdef HAVE_STRING_H
| # if !defined STDC_HEADERS && defined HAVE_MEMORY_H
| #  include <memory.h>
| # endif
| # include <string.h>
| #endif
| #ifdef HAVE_STRINGS_H
| # include <strings.h>
| #endif
| #ifdef HAVE_INTTYPES_H
| # include <inttypes.h>
| #endif
| #ifdef HAVE_STDINT_H
| # include <stdint.h>
| #endif
| #ifdef HAVE_UNISTD_H
| # include <unistd.h>
| #endif
| #ifdef HAVE_SYS_ENDIAN_H
| #include <sys/endian.h>
| #endif
| 
| 
| int
| main ()
| {
| #ifndef le32enc
| #ifdef __cplusplus
|   (void) le32enc;
| #else
|   (void) le32enc;
| #endif
| #endif
| 
|   ;
|   return 0;
| }
configure:5506: result: no
configure:5523: checking for size_t
configure:5523: gcc -c -g -O2  conftest.c >&5
configure:5523: $? = 0
configure:5523: gcc -c -g -O2  conftest.c >&5
conftest.c:64:21: error: expected expression
if (sizeof ((size_t)))
                    ^
1 error generated.
configure:5523: $? = 1
configure: failed program was:
| /* confdefs.h */
| #define PACKAGE_NAME "ccminer"
| #define PACKAGE_TARNAME "ccminer"
| #define PACKAGE_VERSION "2014.06.15"
| #define PACKAGE_STRING "ccminer 2014.06.15"
| #define PACKAGE_BUGREPORT ""
| #define PACKAGE_URL ""
| #define PACKAGE "ccminer"
| #define VERSION "2014.06.15"
| #define STDC_HEADERS 1
| #define HAVE_SYS_TYPES_H 1
| #define HAVE_SYS_STAT_H 1
| #define HAVE_STDLIB_H 1
| #define HAVE_STRING_H 1
| #define HAVE_MEMORY_H 1
| #define HAVE_STRINGS_H 1
| #define HAVE_INTTYPES_H 1
| #define HAVE_STDINT_H 1
| #define HAVE_UNISTD_H 1
| #define HAVE_SYS_PARAM_H 1
| #define HAVE_SYSLOG_H 1
| #define HAVE_SYS_SYSCTL_H 1
| #define HAVE_DECL_BE32DEC 0
| #define HAVE_DECL_LE32DEC 0
| #define HAVE_DECL_BE32ENC 0
| #define HAVE_DECL_LE32ENC 0
| /* end confdefs.h.  */
| #include <stdio.h>
| #ifdef HAVE_SYS_TYPES_H
| # include <sys/types.h>
| #endif
| #ifdef HAVE_SYS_STAT_H
| # include <sys/stat.h>
| #endif
| #ifdef STDC_HEADERS
| # include <stdlib.h>
| # include <stddef.h>
| #else
| # ifdef HAVE_STDLIB_H
| #  include <stdlib.h>
| # endif
| #endif
| #ifdef HAVE_STRING_H
| # if !defined STDC_HEADERS && defined HAVE_MEMORY_H
| #  include <memory.h>
| # endif
| # include <string.h>
| #endif
| #ifdef HAVE_STRINGS_H
| # include <strings.h>
| #endif
| #ifdef HAVE_INTTYPES_H
| # include <inttypes.h>
| #endif
| #ifdef HAVE_STDINT_H
| # include <stdint.h>
| #endif
| #ifdef HAVE_UNISTD_H
| # include <unistd.h>
| #endif
| int
| main ()
| {
| if (sizeof ((size_t)))
| 	    return 0;
|   ;
|   return 0;
| }
configure:5523: result: yes
configure:5536: checking for working alloca.h
configure:5553: gcc -o conftest -g -O2   conftest.c  >&5
configure:5553: $? = 0
configure:5561: result: yes
configure:5569: checking for alloca
configure:5606: gcc -o conftest -g -O2   conftest.c  >&5
configure:5606: $? = 0
configure:5614: result: yes
configure:5722: checking for getopt_long
configure:5722: gcc -o conftest -g -O2   conftest.c  >&5
configure:5722: $? = 0
configure:5722: result: yes
configure:5759: checking whether we can compile AVX code
configure:5772: gcc -c -g -O2  conftest.c >&5
configure:5772: $? = 0
configure:5776: result: yes
configure:5778: checking whether we can compile XOP code
configure:5791: gcc -c -g -O2  conftest.c >&5
configure:5791: $? = 0
configure:5795: result: yes
configure:5806: checking whether we can compile AVX2 code
configure:5819: gcc -c -g -O2  conftest.c >&5
configure:5819: $? = 0
configure:5823: result: yes
configure:5845: checking for json_loads in -ljansson
configure:5870: gcc -o conftest -g -O2   conftest.c -ljansson   >&5
ld: library not found for -ljansson
clang: error: linker command failed with exit code 1 (use -v to see invocation)
configure:5870: $? = 1
configure: failed program was:
| /* confdefs.h */
| #define PACKAGE_NAME "ccminer"
| #define PACKAGE_TARNAME "ccminer"
| #define PACKAGE_VERSION "2014.06.15"
| #define PACKAGE_STRING "ccminer 2014.06.15"
| #define PACKAGE_BUGREPORT ""
| #define PACKAGE_URL ""
| #define PACKAGE "ccminer"
| #define VERSION "2014.06.15"
| #define STDC_HEADERS 1
| #define HAVE_SYS_TYPES_H 1
| #define HAVE_SYS_STAT_H 1
| #define HAVE_STDLIB_H 1
| #define HAVE_STRING_H 1
| #define HAVE_MEMORY_H 1
| #define HAVE_STRINGS_H 1
| #define HAVE_INTTYPES_H 1
| #define HAVE_STDINT_H 1
| #define HAVE_UNISTD_H 1
| #define HAVE_SYS_PARAM_H 1
| #define HAVE_SYSLOG_H 1
| #define HAVE_SYS_SYSCTL_H 1
| #define HAVE_DECL_BE32DEC 0
| #define HAVE_DECL_LE32DEC 0
| #define HAVE_DECL_BE32ENC 0
| #define HAVE_DECL_LE32ENC 0
| #define HAVE_ALLOCA_H 1
| #define HAVE_ALLOCA 1
| #define HAVE_GETOPT_LONG 1
| #define USE_AVX 1
| #define USE_XOP 1
| #define USE_AVX2 1
| /* end confdefs.h.  */
| 
| /* Override any GCC internal prototype to avoid an error.
|    Use char because int might match the return type of a GCC
|    builtin and then its argument prototype would still apply.  */
| #ifdef __cplusplus
| extern "C"
| #endif
| char json_loads ();
| int
| main ()
| {
| return json_loads ();
|   ;
|   return 0;
| }
configure:5879: result: no
configure:5887: checking for pthread_create in -lpthread
configure:5912: gcc -o conftest -g -O2   conftest.c -lpthread   >&5
configure:5912: $? = 0
configure:5921: result: yes
configure:6052: checking for SSL_library_init in -lssl
configure:6077: gcc -o conftest -g -O2   conftest.c -lssl   >&5
configure:6077: $? = 0
configure:6086: result: yes
configure:6099: checking for EVP_DigestFinal_ex in -lcrypto
configure:6124: gcc -o conftest -g -O2   conftest.c -lcrypto  -lssl  >&5
configure:6124: $? = 0
configure:6133: result: yes

## ---------------- ##
## Cache variables. ##
## ---------------- ##

ac_cv_build=i386-apple-darwin13.4.0
ac_cv_c_compiler_gnu=yes
ac_cv_cxx_compiler_gnu=yes
ac_cv_env_CCASFLAGS_set=
ac_cv_env_CCASFLAGS_value=
ac_cv_env_CCAS_set=
ac_cv_env_CCAS_value=
ac_cv_env_CCC_set=
ac_cv_env_CCC_value=
ac_cv_env_CC_set=
ac_cv_env_CC_value=
ac_cv_env_CFLAGS_set=
ac_cv_env_CFLAGS_value=
ac_cv_env_CPPFLAGS_set=
ac_cv_env_CPPFLAGS_value=
ac_cv_env_CPP_set=
ac_cv_env_CPP_value=
ac_cv_env_CXXFLAGS_set=
ac_cv_env_CXXFLAGS_value=
ac_cv_env_CXX_set=
ac_cv_env_CXX_value=
ac_cv_env_LDFLAGS_set=
ac_cv_env_LDFLAGS_value=
ac_cv_env_LIBS_set=
ac_cv_env_LIBS_value=
ac_cv_env_build_alias_set=
ac_cv_env_build_alias_value=
ac_cv_env_host_alias_set=
ac_cv_env_host_alias_value=
ac_cv_env_target_alias_set=
ac_cv_env_target_alias_value=
ac_cv_func_alloca_works=yes
ac_cv_func_getopt_long=yes
ac_cv_have_decl_be32dec=no
ac_cv_have_decl_be32enc=no
ac_cv_have_decl_le32dec=no
ac_cv_have_decl_le32enc=no
ac_cv_header_inttypes_h=yes
ac_cv_header_memory_h=yes
ac_cv_header_stdc=yes
ac_cv_header_stdint_h=yes
ac_cv_header_stdlib_h=yes
ac_cv_header_string_h=yes
ac_cv_header_strings_h=yes
ac_cv_header_sys_endian_h=no
ac_cv_header_sys_param_h=yes
ac_cv_header_sys_stat_h=yes
ac_cv_header_sys_sysctl_h=yes
ac_cv_header_sys_types_h=yes
ac_cv_header_syslog_h=yes
ac_cv_header_unistd_h=yes
ac_cv_host=i386-apple-darwin13.4.0
ac_cv_lib_crypto_EVP_DigestFinal_ex=yes
ac_cv_lib_jansson_json_loads=no
ac_cv_lib_pthread_pthread_create=yes
ac_cv_lib_ssl_SSL_library_init=yes
ac_cv_objext=o
ac_cv_path_EGREP='/usr/local/bin/ggrep -E'
ac_cv_path_GREP=/usr/local/bin/ggrep
ac_cv_path_install='/usr/local/bin/ginstall -c'
ac_cv_path_mkdir=/usr/local/bin/gmkdir
ac_cv_prog_AWK=gawk
ac_cv_prog_CPP='gcc -E'
ac_cv_prog_ac_ct_CC=gcc
ac_cv_prog_ac_ct_CXX=g++
ac_cv_prog_ac_ct_RANLIB=ranlib
ac_cv_prog_c_openmp=unsupported
ac_cv_prog_cc_c89=
ac_cv_prog_cc_c99=
ac_cv_prog_cc_g=yes
ac_cv_prog_cxx_g=yes
ac_cv_prog_gcc_traditional=no
ac_cv_prog_make_make_set=yes
ac_cv_target=i386-apple-darwin13.4.0
ac_cv_type_size_t=yes
ac_cv_working_alloca_h=yes
am_cv_CCAS_dependencies_compiler_type=gcc3
am_cv_CC_dependencies_compiler_type=gcc3
am_cv_CXX_dependencies_compiler_type=gcc3
am_cv_make_support_nested_variables=yes
am_cv_prog_cc_c_o=yes

## ----------------- ##
## Output variables. ##
## ----------------- ##

ACLOCAL='aclocal-1.15'
ALLOCA=''
AMDEPBACKSLASH='\'
AMDEP_FALSE='#'
AMDEP_TRUE=''
AMTAR='$${TAR-tar}'
AM_BACKSLASH='\'
AM_DEFAULT_V='$(AM_DEFAULT_VERBOSITY)'
AM_DEFAULT_VERBOSITY='1'
AM_V='$(V)'
ARCH_x86_64_FALSE=''
ARCH_x86_64_TRUE='#'
ARCH_x86_FALSE='#'
ARCH_x86_TRUE=''
AUTOCONF='autoconf'
AUTOHEADER='autoheader'
AUTOMAKE='automake-1.15'
AWK='gawk'
CC='gcc'
CCAS='gcc'
CCASDEPMODE='depmode=gcc3'
CCASFLAGS='-g -O2'
CCDEPMODE='depmode=gcc3'
CFLAGS='-g -O2'
CPP='gcc -E'
CPPFLAGS=''
CUDA_CFLAGS=''
CUDA_LDFLAGS=''
CUDA_LIBS=''
CXX='g++'
CXXDEPMODE='depmode=gcc3'
CXXFLAGS='-g -O2'
CYGPATH_W='echo'
DEFS=''
DEPDIR='.deps'
ECHO_C='\c'
ECHO_N=''
ECHO_T=''
EGREP='/usr/local/bin/ggrep -E'
EXEEXT=''
GREP='/usr/local/bin/ggrep'
HAVE_WINDOWS_FALSE=''
HAVE_WINDOWS_TRUE='#'
INSTALL_DATA='${INSTALL} -m 644'
INSTALL_PROGRAM='${INSTALL}'
INSTALL_SCRIPT='${INSTALL}'
INSTALL_STRIP_PROGRAM='$(install_sh) -c -s'
JANSSON_LIBS='compat/jansson/libjansson.a'
LDFLAGS=''
LIBOBJS=''
LIBS='-lcrypto -lssl '
LTLIBOBJS=''
MAINT='#'
MAINTAINER_MODE_FALSE=''
MAINTAINER_MODE_TRUE='#'
MAKEINFO='makeinfo'
MKDIR_P='/usr/local/bin/gmkdir -p'
NVCC=''
OBJEXT='o'
OPENMP_CFLAGS=''
PACKAGE='ccminer'
PACKAGE_BUGREPORT=''
PACKAGE_NAME='ccminer'
PACKAGE_STRING='ccminer 2014.06.15'
PACKAGE_TARNAME='ccminer'
PACKAGE_URL=''
PACKAGE_VERSION='2014.06.15'
PATH_SEPARATOR=':'
PTHREAD_FLAGS='-pthread'
PTHREAD_LIBS='-lpthread'
RANLIB='ranlib'
SET_MAKE=''
SHELL='/bin/sh'
STRIP=''
VERSION='2014.06.15'
WANT_JANSSON_FALSE='#'
WANT_JANSSON_TRUE=''
WS2_LIBS=''
ac_ct_CC='gcc'
ac_ct_CXX='g++'
am__EXEEXT_FALSE=''
am__EXEEXT_TRUE=''
am__fastdepCCAS_FALSE='#'
am__fastdepCCAS_TRUE=''
am__fastdepCC_FALSE='#'
am__fastdepCC_TRUE=''
am__fastdepCXX_FALSE='#'
am__fastdepCXX_TRUE=''
am__include='include'
am__isrc=''
am__leading_dot='.'
am__nodep='_no'
am__quote=''
am__tar='$${TAR-tar} chof - "$$tardir"'
am__untar='$${TAR-tar} xf -'
bindir='${exec_prefix}/bin'
build='i386-apple-darwin13.4.0'
build_alias=''
build_cpu='i386'
build_os='darwin13.4.0'
build_vendor='apple'
datadir='${datarootdir}'
datarootdir='${prefix}/share'
docdir='${datarootdir}/doc/${PACKAGE_TARNAME}'
dvidir='${docdir}'
exec_prefix='NONE'
host='i386-apple-darwin13.4.0'
host_alias=''
host_cpu='i386'
host_os='darwin13.4.0'
host_vendor='apple'
htmldir='${docdir}'
includedir='${prefix}/include'
infodir='${datarootdir}/info'
install_sh='${SHELL} /Users/terminator/RubymineProjects/ccminer/install-sh'
libdir='${exec_prefix}/lib'
libexecdir='${exec_prefix}/libexec'
localedir='${datarootdir}/locale'
localstatedir='${prefix}/var'
mandir='${datarootdir}/man'
mkdir_p='$(MKDIR_P)'
oldincludedir='/usr/include'
pdfdir='${docdir}'
prefix='NONE'
program_transform_name='s,x,x,'
psdir='${docdir}'
sbindir='${exec_prefix}/sbin'
sharedstatedir='${prefix}/com'
sysconfdir='${prefix}/etc'
target='i386-apple-darwin13.4.0'
target_alias=''
target_cpu='i386'
target_os='darwin13.4.0'
target_vendor='apple'

## ----------- ##
## confdefs.h. ##
## ----------- ##

/* confdefs.h */
#define PACKAGE_NAME "ccminer"
#define PACKAGE_TARNAME "ccminer"
#define PACKAGE_VERSION "2014.06.15"
#define PACKAGE_STRING "ccminer 2014.06.15"
#define PACKAGE_BUGREPORT ""
#define PACKAGE_URL ""
#define PACKAGE "ccminer"
#define VERSION "2014.06.15"
#define STDC_HEADERS 1
#define HAVE_SYS_TYPES_H 1
#define HAVE_SYS_STAT_H 1
#define HAVE_STDLIB_H 1
#define HAVE_STRING_H 1
#define HAVE_MEMORY_H 1
#define HAVE_STRINGS_H 1
#define HAVE_INTTYPES_H 1
#define HAVE_STDINT_H 1
#define HAVE_UNISTD_H 1
#define HAVE_SYS_PARAM_H 1
#define HAVE_SYSLOG_H 1
#define HAVE_SYS_SYSCTL_H 1
#define HAVE_DECL_BE32DEC 0
#define HAVE_DECL_LE32DEC 0
#define HAVE_DECL_BE32ENC 0
#define HAVE_DECL_LE32ENC 0
#define HAVE_ALLOCA_H 1
#define HAVE_ALLOCA 1
#define HAVE_GETOPT_LONG 1
#define USE_AVX 1
#define USE_XOP 1
#define USE_AVX2 1
#define HAVE_LIBSSL 1
#define HAVE_LIBCRYPTO 1

configure: exit 258
